{
  "/Users/seodongsu/vanilla/quiz-app/styles/theme.ts": {
    "path": "/Users/seodongsu/vanilla/quiz-app/styles/theme.ts",
    "statementMap": {
      "0": {
        "start": {
          "line": 1,
          "column": 13
        },
        "end": {
          "line": 4,
          "column": 1
        }
      },
      "1": {
        "start": {
          "line": 6,
          "column": 14
        },
        "end": {
          "line": 9,
          "column": 1
        }
      }
    },
    "fnMap": {},
    "branchMap": {},
    "s": {
      "0": 22,
      "1": 22
    },
    "f": {},
    "b": {},
    "_coverageSchema": "1a1c01bbd47fc00a2c39e90264f33305004495a9",
    "hash": "e0f13c5bb8de8f70c05031ba0d1d753d3c1db6ca"
  },
  "/Users/seodongsu/vanilla/quiz-app/styles/globalStyle.ts": {
    "path": "/Users/seodongsu/vanilla/quiz-app/styles/globalStyle.ts",
    "statementMap": {
      "0": {
        "start": {
          "line": 3,
          "column": 20
        },
        "end": {
          "line": 50,
          "column": 1
        }
      }
    },
    "fnMap": {},
    "branchMap": {},
    "s": {
      "0": 22
    },
    "f": {},
    "b": {},
    "_coverageSchema": "1a1c01bbd47fc00a2c39e90264f33305004495a9",
    "hash": "76966fa67d0b6a2e7d18ef7f27fdfa1288ce9ac7"
  },
  "/Users/seodongsu/vanilla/quiz-app/src/common/components/Header.tsx": {
    "path": "/Users/seodongsu/vanilla/quiz-app/src/common/components/Header.tsx",
    "statementMap": {
      "0": {
        "start": {
          "line": 5,
          "column": 14
        },
        "end": {
          "line": 13,
          "column": 1
        }
      },
      "1": {
        "start": {
          "line": 15,
          "column": 25
        },
        "end": {
          "line": 21,
          "column": 1
        }
      },
      "2": {
        "start": {
          "line": 16,
          "column": 2
        },
        "end": {
          "line": 20,
          "column": 4
        }
      }
    },
    "fnMap": {
      "0": {
        "name": "(anonymous_0)",
        "decl": {
          "start": {
            "line": 15,
            "column": 25
          },
          "end": {
            "line": 15,
            "column": 26
          }
        },
        "loc": {
          "start": {
            "line": 15,
            "column": 31
          },
          "end": {
            "line": 21,
            "column": 1
          }
        },
        "line": 15
      }
    },
    "branchMap": {},
    "s": {
      "0": 22,
      "1": 22,
      "2": 156
    },
    "f": {
      "0": 156
    },
    "b": {},
    "_coverageSchema": "1a1c01bbd47fc00a2c39e90264f33305004495a9",
    "hash": "d84e249e25efc0a40e22b59d9b69f1aa38bf93cb"
  },
  "/Users/seodongsu/vanilla/quiz-app/src/common/components/Loading.tsx": {
    "path": "/Users/seodongsu/vanilla/quiz-app/src/common/components/Loading.tsx",
    "statementMap": {
      "0": {
        "start": {
          "line": 6,
          "column": 24
        },
        "end": {
          "line": 16,
          "column": 1
        }
      },
      "1": {
        "start": {
          "line": 18,
          "column": 16
        },
        "end": {
          "line": 22,
          "column": 1
        }
      },
      "2": {
        "start": {
          "line": 24,
          "column": 19
        },
        "end": {
          "line": 33,
          "column": 1
        }
      },
      "3": {
        "start": {
          "line": 32,
          "column": 32
        },
        "end": {
          "line": 32,
          "column": 43
        }
      },
      "4": {
        "start": {
          "line": 35,
          "column": 26
        },
        "end": {
          "line": 45,
          "column": 1
        }
      },
      "5": {
        "start": {
          "line": 36,
          "column": 2
        },
        "end": {
          "line": 44,
          "column": 4
        }
      }
    },
    "fnMap": {
      "0": {
        "name": "(anonymous_0)",
        "decl": {
          "start": {
            "line": 32,
            "column": 21
          },
          "end": {
            "line": 32,
            "column": 22
          }
        },
        "loc": {
          "start": {
            "line": 32,
            "column": 32
          },
          "end": {
            "line": 32,
            "column": 43
          }
        },
        "line": 32
      },
      "1": {
        "name": "(anonymous_1)",
        "decl": {
          "start": {
            "line": 35,
            "column": 26
          },
          "end": {
            "line": 35,
            "column": 27
          }
        },
        "loc": {
          "start": {
            "line": 35,
            "column": 32
          },
          "end": {
            "line": 45,
            "column": 1
          }
        },
        "line": 35
      }
    },
    "branchMap": {},
    "s": {
      "0": 22,
      "1": 22,
      "2": 22,
      "3": 246,
      "4": 22,
      "5": 82
    },
    "f": {
      "0": 246,
      "1": 82
    },
    "b": {},
    "_coverageSchema": "1a1c01bbd47fc00a2c39e90264f33305004495a9",
    "hash": "7c8686096033751b2eb7401e6a23a0fdc394d14d"
  },
  "/Users/seodongsu/vanilla/quiz-app/pages/_app.tsx": {
    "path": "/Users/seodongsu/vanilla/quiz-app/pages/_app.tsx",
    "statementMap": {
      "0": {
        "start": {
          "line": 14,
          "column": 15
        },
        "end": {
          "line": 22,
          "column": 1
        }
      },
      "1": {
        "start": {
          "line": 24,
          "column": 34
        },
        "end": {
          "line": 63,
          "column": 1
        }
      },
      "2": {
        "start": {
          "line": 25,
          "column": 32
        },
        "end": {
          "line": 25,
          "column": 56
        }
      },
      "3": {
        "start": {
          "line": 26,
          "column": 17
        },
        "end": {
          "line": 26,
          "column": 28
        }
      },
      "4": {
        "start": {
          "line": 28,
          "column": 2
        },
        "end": {
          "line": 46,
          "column": 9
        }
      },
      "5": {
        "start": {
          "line": 29,
          "column": 18
        },
        "end": {
          "line": 31,
          "column": 5
        }
      },
      "6": {
        "start": {
          "line": 30,
          "column": 6
        },
        "end": {
          "line": 30,
          "column": 23
        }
      },
      "7": {
        "start": {
          "line": 33,
          "column": 16
        },
        "end": {
          "line": 35,
          "column": 5
        }
      },
      "8": {
        "start": {
          "line": 34,
          "column": 6
        },
        "end": {
          "line": 34,
          "column": 24
        }
      },
      "9": {
        "start": {
          "line": 37,
          "column": 4
        },
        "end": {
          "line": 37,
          "column": 48
        }
      },
      "10": {
        "start": {
          "line": 38,
          "column": 4
        },
        "end": {
          "line": 38,
          "column": 49
        }
      },
      "11": {
        "start": {
          "line": 39,
          "column": 4
        },
        "end": {
          "line": 39,
          "column": 46
        }
      },
      "12": {
        "start": {
          "line": 41,
          "column": 4
        },
        "end": {
          "line": 45,
          "column": 6
        }
      },
      "13": {
        "start": {
          "line": 42,
          "column": 6
        },
        "end": {
          "line": 42,
          "column": 51
        }
      },
      "14": {
        "start": {
          "line": 43,
          "column": 6
        },
        "end": {
          "line": 43,
          "column": 52
        }
      },
      "15": {
        "start": {
          "line": 44,
          "column": 6
        },
        "end": {
          "line": 44,
          "column": 49
        }
      },
      "16": {
        "start": {
          "line": 48,
          "column": 2
        },
        "end": {
          "line": 62,
          "column": 4
        }
      }
    },
    "fnMap": {
      "0": {
        "name": "(anonymous_0)",
        "decl": {
          "start": {
            "line": 24,
            "column": 34
          },
          "end": {
            "line": 24,
            "column": 35
          }
        },
        "loc": {
          "start": {
            "line": 24,
            "column": 64
          },
          "end": {
            "line": 63,
            "column": 1
          }
        },
        "line": 24
      },
      "1": {
        "name": "(anonymous_1)",
        "decl": {
          "start": {
            "line": 28,
            "column": 12
          },
          "end": {
            "line": 28,
            "column": 13
          }
        },
        "loc": {
          "start": {
            "line": 28,
            "column": 18
          },
          "end": {
            "line": 46,
            "column": 3
          }
        },
        "line": 28
      },
      "2": {
        "name": "(anonymous_2)",
        "decl": {
          "start": {
            "line": 29,
            "column": 18
          },
          "end": {
            "line": 29,
            "column": 19
          }
        },
        "loc": {
          "start": {
            "line": 29,
            "column": 24
          },
          "end": {
            "line": 31,
            "column": 5
          }
        },
        "line": 29
      },
      "3": {
        "name": "(anonymous_3)",
        "decl": {
          "start": {
            "line": 33,
            "column": 16
          },
          "end": {
            "line": 33,
            "column": 17
          }
        },
        "loc": {
          "start": {
            "line": 33,
            "column": 22
          },
          "end": {
            "line": 35,
            "column": 5
          }
        },
        "line": 33
      },
      "4": {
        "name": "(anonymous_4)",
        "decl": {
          "start": {
            "line": 41,
            "column": 11
          },
          "end": {
            "line": 41,
            "column": 12
          }
        },
        "loc": {
          "start": {
            "line": 41,
            "column": 17
          },
          "end": {
            "line": 45,
            "column": 5
          }
        },
        "line": 41
      }
    },
    "branchMap": {
      "0": {
        "loc": {
          "start": {
            "line": 59,
            "column": 17
          },
          "end": {
            "line": 59,
            "column": 69
          }
        },
        "type": "cond-expr",
        "locations": [
          {
            "start": {
              "line": 59,
              "column": 27
            },
            "end": {
              "line": 59,
              "column": 38
            }
          },
          {
            "start": {
              "line": 59,
              "column": 41
            },
            "end": {
              "line": 59,
              "column": 69
            }
          }
        ],
        "line": 59
      }
    },
    "s": {
      "0": 22,
      "1": 22,
      "2": 156,
      "3": 156,
      "4": 156,
      "5": 38,
      "6": 22,
      "7": 38,
      "8": 19,
      "9": 38,
      "10": 38,
      "11": 38,
      "12": 38,
      "13": 19,
      "14": 19,
      "15": 19,
      "16": 156
    },
    "f": {
      "0": 156,
      "1": 38,
      "2": 22,
      "3": 19,
      "4": 19
    },
    "b": {
      "0": [
        82,
        74
      ]
    },
    "_coverageSchema": "1a1c01bbd47fc00a2c39e90264f33305004495a9",
    "hash": "d55e5544f05a09ef71570e36d0afa2fd4b1b77bb"
  },
  "/Users/seodongsu/vanilla/quiz-app/src/common/components/Section.tsx": {
    "path": "/Users/seodongsu/vanilla/quiz-app/src/common/components/Section.tsx",
    "statementMap": {
      "0": {
        "start": {
          "line": 3,
          "column": 16
        },
        "end": {
          "line": 24,
          "column": 1
        }
      },
      "1": {
        "start": {
          "line": 13,
          "column": 22
        },
        "end": {
          "line": 13,
          "column": 40
        }
      },
      "2": {
        "start": {
          "line": 18,
          "column": 22
        },
        "end": {
          "line": 18,
          "column": 41
        }
      }
    },
    "fnMap": {
      "0": {
        "name": "(anonymous_0)",
        "decl": {
          "start": {
            "line": 13,
            "column": 11
          },
          "end": {
            "line": 13,
            "column": 12
          }
        },
        "loc": {
          "start": {
            "line": 13,
            "column": 22
          },
          "end": {
            "line": 13,
            "column": 40
          }
        },
        "line": 13
      },
      "1": {
        "name": "(anonymous_1)",
        "decl": {
          "start": {
            "line": 18,
            "column": 11
          },
          "end": {
            "line": 18,
            "column": 12
          }
        },
        "loc": {
          "start": {
            "line": 18,
            "column": 22
          },
          "end": {
            "line": 18,
            "column": 41
          }
        },
        "line": 18
      }
    },
    "branchMap": {},
    "s": {
      "0": 22,
      "1": 288,
      "2": 288
    },
    "f": {
      "0": 288,
      "1": 288
    },
    "b": {},
    "_coverageSchema": "1a1c01bbd47fc00a2c39e90264f33305004495a9",
    "hash": "a2fec3eebc95b647d460abbf50a60b3fd8c20e57"
  },
  "/Users/seodongsu/vanilla/quiz-app/src/common/components/Title.tsx": {
    "path": "/Users/seodongsu/vanilla/quiz-app/src/common/components/Title.tsx",
    "statementMap": {
      "0": {
        "start": {
          "line": 3,
          "column": 14
        },
        "end": {
          "line": 17,
          "column": 1
        }
      },
      "1": {
        "start": {
          "line": 7,
          "column": 4
        },
        "end": {
          "line": 11,
          "column": 5
        }
      },
      "2": {
        "start": {
          "line": 8,
          "column": 6
        },
        "end": {
          "line": 8,
          "column": 22
        }
      },
      "3": {
        "start": {
          "line": 10,
          "column": 6
        },
        "end": {
          "line": 10,
          "column": 31
        }
      },
      "4": {
        "start": {
          "line": 14,
          "column": 22
        },
        "end": {
          "line": 14,
          "column": 41
        }
      }
    },
    "fnMap": {
      "0": {
        "name": "(anonymous_0)",
        "decl": {
          "start": {
            "line": 6,
            "column": 15
          },
          "end": {
            "line": 6,
            "column": 16
          }
        },
        "loc": {
          "start": {
            "line": 6,
            "column": 26
          },
          "end": {
            "line": 12,
            "column": 3
          }
        },
        "line": 6
      },
      "1": {
        "name": "(anonymous_1)",
        "decl": {
          "start": {
            "line": 14,
            "column": 11
          },
          "end": {
            "line": 14,
            "column": 12
          }
        },
        "loc": {
          "start": {
            "line": 14,
            "column": 22
          },
          "end": {
            "line": 14,
            "column": 41
          }
        },
        "line": 14
      }
    },
    "branchMap": {
      "0": {
        "loc": {
          "start": {
            "line": 7,
            "column": 4
          },
          "end": {
            "line": 11,
            "column": 5
          }
        },
        "type": "if",
        "locations": [
          {
            "start": {
              "line": 7,
              "column": 4
            },
            "end": {
              "line": 11,
              "column": 5
            }
          },
          {
            "start": {
              "line": 9,
              "column": 11
            },
            "end": {
              "line": 11,
              "column": 5
            }
          }
        ],
        "line": 7
      }
    },
    "s": {
      "0": 22,
      "1": 288,
      "2": 252,
      "3": 36,
      "4": 288
    },
    "f": {
      "0": 288,
      "1": 288
    },
    "b": {
      "0": [
        252,
        36
      ]
    },
    "_coverageSchema": "1a1c01bbd47fc00a2c39e90264f33305004495a9",
    "hash": "3fe2f42a35bfb422e28b8b74542bd7b26ed963ba"
  },
  "/Users/seodongsu/vanilla/quiz-app/src/common/components/Li.tsx": {
    "path": "/Users/seodongsu/vanilla/quiz-app/src/common/components/Li.tsx",
    "statementMap": {
      "0": {
        "start": {
          "line": 3,
          "column": 11
        },
        "end": {
          "line": 9,
          "column": 1
        }
      },
      "1": {
        "start": {
          "line": 6,
          "column": 22
        },
        "end": {
          "line": 6,
          "column": 40
        }
      }
    },
    "fnMap": {
      "0": {
        "name": "(anonymous_0)",
        "decl": {
          "start": {
            "line": 6,
            "column": 11
          },
          "end": {
            "line": 6,
            "column": 12
          }
        },
        "loc": {
          "start": {
            "line": 6,
            "column": 22
          },
          "end": {
            "line": 6,
            "column": 40
          }
        },
        "line": 6
      }
    },
    "branchMap": {},
    "s": {
      "0": 12,
      "1": 140
    },
    "f": {
      "0": 140
    },
    "b": {},
    "_coverageSchema": "1a1c01bbd47fc00a2c39e90264f33305004495a9",
    "hash": "5e8dcd5585eef68e904868847c04d10e5a85b894"
  },
  "/Users/seodongsu/vanilla/quiz-app/src/common/components/Strong.tsx": {
    "path": "/Users/seodongsu/vanilla/quiz-app/src/common/components/Strong.tsx",
    "statementMap": {
      "0": {
        "start": {
          "line": 3,
          "column": 15
        },
        "end": {
          "line": 5,
          "column": 1
        }
      }
    },
    "fnMap": {},
    "branchMap": {},
    "s": {
      "0": 22
    },
    "f": {},
    "b": {},
    "_coverageSchema": "1a1c01bbd47fc00a2c39e90264f33305004495a9",
    "hash": "a0253b4434ed7fbe796b2ca0dfd9141c4c729ab4"
  },
  "/Users/seodongsu/vanilla/quiz-app/src/features/home/Instruction.tsx": {
    "path": "/Users/seodongsu/vanilla/quiz-app/src/features/home/Instruction.tsx",
    "statementMap": {
      "0": {
        "start": {
          "line": 9,
          "column": 49
        },
        "end": {
          "line": 23,
          "column": 1
        }
      },
      "1": {
        "start": {
          "line": 10,
          "column": 2
        },
        "end": {
          "line": 22,
          "column": 4
        }
      },
      "2": {
        "start": {
          "line": 18,
          "column": 10
        },
        "end": {
          "line": 18,
          "column": 57
        }
      }
    },
    "fnMap": {
      "0": {
        "name": "(anonymous_0)",
        "decl": {
          "start": {
            "line": 9,
            "column": 49
          },
          "end": {
            "line": 9,
            "column": 50
          }
        },
        "loc": {
          "start": {
            "line": 9,
            "column": 63
          },
          "end": {
            "line": 23,
            "column": 1
          }
        },
        "line": 9
      },
      "1": {
        "name": "(anonymous_1)",
        "decl": {
          "start": {
            "line": 17,
            "column": 27
          },
          "end": {
            "line": 17,
            "column": 28
          }
        },
        "loc": {
          "start": {
            "line": 17,
            "column": 48
          },
          "end": {
            "line": 19,
            "column": 9
          }
        },
        "line": 17
      }
    },
    "branchMap": {},
    "s": {
      "0": 12,
      "1": 20,
      "2": 140
    },
    "f": {
      "0": 20,
      "1": 140
    },
    "b": {},
    "_coverageSchema": "1a1c01bbd47fc00a2c39e90264f33305004495a9",
    "hash": "a4e1638d3429128e9409554af3a0a8267b8b1a5a"
  },
  "/Users/seodongsu/vanilla/quiz-app/src/common/components/Button.tsx": {
    "path": "/Users/seodongsu/vanilla/quiz-app/src/common/components/Button.tsx",
    "statementMap": {
      "0": {
        "start": {
          "line": 6,
          "column": 16
        },
        "end": {
          "line": 38,
          "column": 1
        }
      },
      "1": {
        "start": {
          "line": 14,
          "column": 4
        },
        "end": {
          "line": 18,
          "column": 5
        }
      },
      "2": {
        "start": {
          "line": 15,
          "column": 6
        },
        "end": {
          "line": 15,
          "column": 34
        }
      },
      "3": {
        "start": {
          "line": 16,
          "column": 11
        },
        "end": {
          "line": 18,
          "column": 5
        }
      },
      "4": {
        "start": {
          "line": 17,
          "column": 6
        },
        "end": {
          "line": 17,
          "column": 32
        }
      },
      "5": {
        "start": {
          "line": 25,
          "column": 6
        },
        "end": {
          "line": 29,
          "column": 7
        }
      },
      "6": {
        "start": {
          "line": 26,
          "column": 8
        },
        "end": {
          "line": 26,
          "column": 57
        }
      },
      "7": {
        "start": {
          "line": 27,
          "column": 13
        },
        "end": {
          "line": 29,
          "column": 7
        }
      },
      "8": {
        "start": {
          "line": 28,
          "column": 8
        },
        "end": {
          "line": 28,
          "column": 55
        }
      },
      "9": {
        "start": {
          "line": 33,
          "column": 22
        },
        "end": {
          "line": 33,
          "column": 40
        }
      },
      "10": {
        "start": {
          "line": 40,
          "column": 38
        },
        "end": {
          "line": 53,
          "column": 1
        }
      },
      "11": {
        "start": {
          "line": 46,
          "column": 2
        },
        "end": {
          "line": 52,
          "column": 4
        }
      }
    },
    "fnMap": {
      "0": {
        "name": "(anonymous_0)",
        "decl": {
          "start": {
            "line": 13,
            "column": 22
          },
          "end": {
            "line": 13,
            "column": 23
          }
        },
        "loc": {
          "start": {
            "line": 13,
            "column": 33
          },
          "end": {
            "line": 19,
            "column": 3
          }
        },
        "line": 13
      },
      "1": {
        "name": "(anonymous_1)",
        "decl": {
          "start": {
            "line": 24,
            "column": 6
          },
          "end": {
            "line": 24,
            "column": 7
          }
        },
        "loc": {
          "start": {
            "line": 24,
            "column": 17
          },
          "end": {
            "line": 30,
            "column": 5
          }
        },
        "line": 24
      },
      "2": {
        "name": "(anonymous_2)",
        "decl": {
          "start": {
            "line": 33,
            "column": 11
          },
          "end": {
            "line": 33,
            "column": 12
          }
        },
        "loc": {
          "start": {
            "line": 33,
            "column": 22
          },
          "end": {
            "line": 33,
            "column": 40
          }
        },
        "line": 33
      },
      "3": {
        "name": "(anonymous_3)",
        "decl": {
          "start": {
            "line": 40,
            "column": 38
          },
          "end": {
            "line": 40,
            "column": 39
          }
        },
        "loc": {
          "start": {
            "line": 45,
            "column": 6
          },
          "end": {
            "line": 53,
            "column": 1
          }
        },
        "line": 45
      }
    },
    "branchMap": {
      "0": {
        "loc": {
          "start": {
            "line": 14,
            "column": 4
          },
          "end": {
            "line": 18,
            "column": 5
          }
        },
        "type": "if",
        "locations": [
          {
            "start": {
              "line": 14,
              "column": 4
            },
            "end": {
              "line": 18,
              "column": 5
            }
          },
          {
            "start": {
              "line": 16,
              "column": 11
            },
            "end": {
              "line": 18,
              "column": 5
            }
          }
        ],
        "line": 14
      },
      "1": {
        "loc": {
          "start": {
            "line": 16,
            "column": 11
          },
          "end": {
            "line": 18,
            "column": 5
          }
        },
        "type": "if",
        "locations": [
          {
            "start": {
              "line": 16,
              "column": 11
            },
            "end": {
              "line": 18,
              "column": 5
            }
          },
          {
            "start": {},
            "end": {}
          }
        ],
        "line": 16
      },
      "2": {
        "loc": {
          "start": {
            "line": 25,
            "column": 6
          },
          "end": {
            "line": 29,
            "column": 7
          }
        },
        "type": "if",
        "locations": [
          {
            "start": {
              "line": 25,
              "column": 6
            },
            "end": {
              "line": 29,
              "column": 7
            }
          },
          {
            "start": {
              "line": 27,
              "column": 13
            },
            "end": {
              "line": 29,
              "column": 7
            }
          }
        ],
        "line": 25
      },
      "3": {
        "loc": {
          "start": {
            "line": 27,
            "column": 13
          },
          "end": {
            "line": 29,
            "column": 7
          }
        },
        "type": "if",
        "locations": [
          {
            "start": {
              "line": 27,
              "column": 13
            },
            "end": {
              "line": 29,
              "column": 7
            }
          },
          {
            "start": {},
            "end": {}
          }
        ],
        "line": 27
      },
      "4": {
        "loc": {
          "start": {
            "line": 43,
            "column": 2
          },
          "end": {
            "line": 43,
            "column": 12
          }
        },
        "type": "default-arg",
        "locations": [
          {
            "start": {
              "line": 43,
              "column": 10
            },
            "end": {
              "line": 43,
              "column": 12
            }
          }
        ],
        "line": 43
      },
      "5": {
        "loc": {
          "start": {
            "line": 44,
            "column": 2
          },
          "end": {
            "line": 44,
            "column": 17
          }
        },
        "type": "default-arg",
        "locations": [
          {
            "start": {
              "line": 44,
              "column": 15
            },
            "end": {
              "line": 44,
              "column": 17
            }
          }
        ],
        "line": 44
      }
    },
    "s": {
      "0": 22,
      "1": 336,
      "2": 204,
      "3": 132,
      "4": 132,
      "5": 336,
      "6": 204,
      "7": 132,
      "8": 132,
      "9": 336,
      "10": 22,
      "11": 336
    },
    "f": {
      "0": 336,
      "1": 336,
      "2": 336,
      "3": 336
    },
    "b": {
      "0": [
        204,
        132
      ],
      "1": [
        132,
        0
      ],
      "2": [
        204,
        132
      ],
      "3": [
        132,
        0
      ],
      "4": [
        204
      ],
      "5": [
        204
      ]
    },
    "_coverageSchema": "1a1c01bbd47fc00a2c39e90264f33305004495a9",
    "hash": "0eac4cfc77fe4ea3dbb7b9977e5dbd2c9b0984a4"
  },
  "/Users/seodongsu/vanilla/quiz-app/src/common/components/ButtonContainer.tsx": {
    "path": "/Users/seodongsu/vanilla/quiz-app/src/common/components/ButtonContainer.tsx",
    "statementMap": {
      "0": {
        "start": {
          "line": 3,
          "column": 24
        },
        "end": {
          "line": 11,
          "column": 1
        }
      },
      "1": {
        "start": {
          "line": 5,
          "column": 31
        },
        "end": {
          "line": 5,
          "column": 46
        }
      }
    },
    "fnMap": {
      "0": {
        "name": "(anonymous_0)",
        "decl": {
          "start": {
            "line": 5,
            "column": 20
          },
          "end": {
            "line": 5,
            "column": 21
          }
        },
        "loc": {
          "start": {
            "line": 5,
            "column": 31
          },
          "end": {
            "line": 5,
            "column": 46
          }
        },
        "line": 5
      }
    },
    "branchMap": {},
    "s": {
      "0": 22,
      "1": 288
    },
    "f": {
      "0": 288
    },
    "b": {},
    "_coverageSchema": "1a1c01bbd47fc00a2c39e90264f33305004495a9",
    "hash": "4ea4cc5215c1a67024fc0a64abd0ce07f637e75b"
  },
  "/Users/seodongsu/vanilla/quiz-app/pages/index.tsx": {
    "path": "/Users/seodongsu/vanilla/quiz-app/pages/index.tsx",
    "statementMap": {
      "0": {
        "start": {
          "line": 11,
          "column": 41
        },
        "end": {
          "line": 37,
          "column": 1
        }
      },
      "1": {
        "start": {
          "line": 12,
          "column": 17
        },
        "end": {
          "line": 12,
          "column": 28
        }
      },
      "2": {
        "start": {
          "line": 14,
          "column": 25
        },
        "end": {
          "line": 16,
          "column": 3
        }
      },
      "3": {
        "start": {
          "line": 15,
          "column": 4
        },
        "end": {
          "line": 15,
          "column": 25
        }
      },
      "4": {
        "start": {
          "line": 18,
          "column": 28
        },
        "end": {
          "line": 20,
          "column": 3
        }
      },
      "5": {
        "start": {
          "line": 19,
          "column": 4
        },
        "end": {
          "line": 19,
          "column": 28
        }
      },
      "6": {
        "start": {
          "line": 22,
          "column": 2
        },
        "end": {
          "line": 36,
          "column": 4
        }
      }
    },
    "fnMap": {
      "0": {
        "name": "(anonymous_0)",
        "decl": {
          "start": {
            "line": 11,
            "column": 41
          },
          "end": {
            "line": 11,
            "column": 42
          }
        },
        "loc": {
          "start": {
            "line": 11,
            "column": 55
          },
          "end": {
            "line": 37,
            "column": 1
          }
        },
        "line": 11
      },
      "1": {
        "name": "(anonymous_1)",
        "decl": {
          "start": {
            "line": 14,
            "column": 25
          },
          "end": {
            "line": 14,
            "column": 26
          }
        },
        "loc": {
          "start": {
            "line": 14,
            "column": 31
          },
          "end": {
            "line": 16,
            "column": 3
          }
        },
        "line": 14
      },
      "2": {
        "name": "(anonymous_2)",
        "decl": {
          "start": {
            "line": 18,
            "column": 28
          },
          "end": {
            "line": 18,
            "column": 29
          }
        },
        "loc": {
          "start": {
            "line": 18,
            "column": 34
          },
          "end": {
            "line": 20,
            "column": 3
          }
        },
        "line": 18
      }
    },
    "branchMap": {},
    "s": {
      "0": 12,
      "1": 20,
      "2": 20,
      "3": 2,
      "4": 20,
      "5": 3,
      "6": 20
    },
    "f": {
      "0": 20,
      "1": 2,
      "2": 3
    },
    "b": {},
    "_coverageSchema": "1a1c01bbd47fc00a2c39e90264f33305004495a9",
    "hash": "6c667070385a16db294ddd40b4ff15e811d243ff"
  },
  "/Users/seodongsu/vanilla/quiz-app/src/lib/store.ts": {
    "path": "/Users/seodongsu/vanilla/quiz-app/src/lib/store.ts",
    "statementMap": {
      "0": {
        "start": {
          "line": 5,
          "column": 24
        },
        "end": {
          "line": 57,
          "column": 3
        }
      },
      "1": {
        "start": {
          "line": 5,
          "column": 48
        },
        "end": {
          "line": 57,
          "column": 1
        }
      },
      "2": {
        "start": {
          "line": 18,
          "column": 4
        },
        "end": {
          "line": 20,
          "column": 8
        }
      },
      "3": {
        "start": {
          "line": 18,
          "column": 15
        },
        "end": {
          "line": 20,
          "column": 5
        }
      },
      "4": {
        "start": {
          "line": 23,
          "column": 4
        },
        "end": {
          "line": 25,
          "column": 8
        }
      },
      "5": {
        "start": {
          "line": 23,
          "column": 20
        },
        "end": {
          "line": 25,
          "column": 5
        }
      },
      "6": {
        "start": {
          "line": 28,
          "column": 4
        },
        "end": {
          "line": 30,
          "column": 8
        }
      },
      "7": {
        "start": {
          "line": 28,
          "column": 20
        },
        "end": {
          "line": 30,
          "column": 5
        }
      },
      "8": {
        "start": {
          "line": 33,
          "column": 4
        },
        "end": {
          "line": 35,
          "column": 8
        }
      },
      "9": {
        "start": {
          "line": 33,
          "column": 20
        },
        "end": {
          "line": 35,
          "column": 5
        }
      },
      "10": {
        "start": {
          "line": 38,
          "column": 4
        },
        "end": {
          "line": 42,
          "column": 8
        }
      },
      "11": {
        "start": {
          "line": 38,
          "column": 15
        },
        "end": {
          "line": 42,
          "column": 5
        }
      },
      "12": {
        "start": {
          "line": 45,
          "column": 4
        },
        "end": {
          "line": 50,
          "column": 8
        }
      },
      "13": {
        "start": {
          "line": 45,
          "column": 15
        },
        "end": {
          "line": 50,
          "column": 5
        }
      },
      "14": {
        "start": {
          "line": 53,
          "column": 4
        },
        "end": {
          "line": 55,
          "column": 8
        }
      },
      "15": {
        "start": {
          "line": 53,
          "column": 15
        },
        "end": {
          "line": 55,
          "column": 5
        }
      }
    },
    "fnMap": {
      "0": {
        "name": "(anonymous_0)",
        "decl": {
          "start": {
            "line": 5,
            "column": 38
          },
          "end": {
            "line": 5,
            "column": 39
          }
        },
        "loc": {
          "start": {
            "line": 5,
            "column": 48
          },
          "end": {
            "line": 57,
            "column": 1
          }
        },
        "line": 5
      },
      "1": {
        "name": "(anonymous_1)",
        "decl": {
          "start": {
            "line": 17,
            "column": 15
          },
          "end": {
            "line": 17,
            "column": 16
          }
        },
        "loc": {
          "start": {
            "line": 17,
            "column": 29
          },
          "end": {
            "line": 21,
            "column": 3
          }
        },
        "line": 17
      },
      "2": {
        "name": "(anonymous_2)",
        "decl": {
          "start": {
            "line": 18,
            "column": 8
          },
          "end": {
            "line": 18,
            "column": 9
          }
        },
        "loc": {
          "start": {
            "line": 18,
            "column": 15
          },
          "end": {
            "line": 20,
            "column": 5
          }
        },
        "line": 18
      },
      "3": {
        "name": "(anonymous_3)",
        "decl": {
          "start": {
            "line": 22,
            "column": 22
          },
          "end": {
            "line": 22,
            "column": 23
          }
        },
        "loc": {
          "start": {
            "line": 22,
            "column": 36
          },
          "end": {
            "line": 26,
            "column": 3
          }
        },
        "line": 22
      },
      "4": {
        "name": "(anonymous_4)",
        "decl": {
          "start": {
            "line": 23,
            "column": 8
          },
          "end": {
            "line": 23,
            "column": 9
          }
        },
        "loc": {
          "start": {
            "line": 23,
            "column": 20
          },
          "end": {
            "line": 25,
            "column": 5
          }
        },
        "line": 23
      },
      "5": {
        "name": "(anonymous_5)",
        "decl": {
          "start": {
            "line": 27,
            "column": 24
          },
          "end": {
            "line": 27,
            "column": 25
          }
        },
        "loc": {
          "start": {
            "line": 27,
            "column": 38
          },
          "end": {
            "line": 31,
            "column": 3
          }
        },
        "line": 27
      },
      "6": {
        "name": "(anonymous_6)",
        "decl": {
          "start": {
            "line": 28,
            "column": 8
          },
          "end": {
            "line": 28,
            "column": 9
          }
        },
        "loc": {
          "start": {
            "line": 28,
            "column": 20
          },
          "end": {
            "line": 30,
            "column": 5
          }
        },
        "line": 28
      },
      "7": {
        "name": "(anonymous_7)",
        "decl": {
          "start": {
            "line": 32,
            "column": 11
          },
          "end": {
            "line": 32,
            "column": 12
          }
        },
        "loc": {
          "start": {
            "line": 32,
            "column": 17
          },
          "end": {
            "line": 36,
            "column": 3
          }
        },
        "line": 32
      },
      "8": {
        "name": "(anonymous_8)",
        "decl": {
          "start": {
            "line": 33,
            "column": 8
          },
          "end": {
            "line": 33,
            "column": 9
          }
        },
        "loc": {
          "start": {
            "line": 33,
            "column": 20
          },
          "end": {
            "line": 35,
            "column": 5
          }
        },
        "line": 33
      },
      "9": {
        "name": "(anonymous_9)",
        "decl": {
          "start": {
            "line": 37,
            "column": 8
          },
          "end": {
            "line": 37,
            "column": 9
          }
        },
        "loc": {
          "start": {
            "line": 37,
            "column": 14
          },
          "end": {
            "line": 43,
            "column": 3
          }
        },
        "line": 37
      },
      "10": {
        "name": "(anonymous_10)",
        "decl": {
          "start": {
            "line": 38,
            "column": 8
          },
          "end": {
            "line": 38,
            "column": 9
          }
        },
        "loc": {
          "start": {
            "line": 38,
            "column": 15
          },
          "end": {
            "line": 42,
            "column": 5
          }
        },
        "line": 38
      },
      "11": {
        "name": "(anonymous_11)",
        "decl": {
          "start": {
            "line": 44,
            "column": 17
          },
          "end": {
            "line": 44,
            "column": 18
          }
        },
        "loc": {
          "start": {
            "line": 44,
            "column": 23
          },
          "end": {
            "line": 51,
            "column": 3
          }
        },
        "line": 44
      },
      "12": {
        "name": "(anonymous_12)",
        "decl": {
          "start": {
            "line": 45,
            "column": 8
          },
          "end": {
            "line": 45,
            "column": 9
          }
        },
        "loc": {
          "start": {
            "line": 45,
            "column": 15
          },
          "end": {
            "line": 50,
            "column": 5
          }
        },
        "line": 45
      },
      "13": {
        "name": "(anonymous_13)",
        "decl": {
          "start": {
            "line": 52,
            "column": 15
          },
          "end": {
            "line": 52,
            "column": 16
          }
        },
        "loc": {
          "start": {
            "line": 52,
            "column": 25
          },
          "end": {
            "line": 56,
            "column": 3
          }
        },
        "line": 52
      },
      "14": {
        "name": "(anonymous_14)",
        "decl": {
          "start": {
            "line": 53,
            "column": 8
          },
          "end": {
            "line": 53,
            "column": 9
          }
        },
        "loc": {
          "start": {
            "line": 53,
            "column": 15
          },
          "end": {
            "line": 55,
            "column": 5
          }
        },
        "line": 53
      }
    },
    "branchMap": {},
    "s": {
      "0": 20,
      "1": 20,
      "2": 18,
      "3": 18,
      "4": 11,
      "5": 11,
      "6": 21,
      "7": 21,
      "8": 23,
      "9": 23,
      "10": 21,
      "11": 21,
      "12": 4,
      "13": 4,
      "14": 11,
      "15": 11
    },
    "f": {
      "0": 20,
      "1": 18,
      "2": 18,
      "3": 11,
      "4": 11,
      "5": 21,
      "6": 21,
      "7": 23,
      "8": 23,
      "9": 21,
      "10": 21,
      "11": 4,
      "12": 4,
      "13": 11,
      "14": 11
    },
    "b": {},
    "_coverageSchema": "1a1c01bbd47fc00a2c39e90264f33305004495a9",
    "hash": "90b24fa9a7becfcd35ff121a2005563e152b2d61"
  },
  "/Users/seodongsu/vanilla/quiz-app/src/common/utils/generateRandomIndex.ts": {
    "path": "/Users/seodongsu/vanilla/quiz-app/src/common/utils/generateRandomIndex.ts",
    "statementMap": {
      "0": {
        "start": {
          "line": 1,
          "column": 62
        },
        "end": {
          "line": 9,
          "column": 1
        }
      },
      "1": {
        "start": {
          "line": 2,
          "column": 18
        },
        "end": {
          "line": 2,
          "column": 67
        }
      },
      "2": {
        "start": {
          "line": 2,
          "column": 65
        },
        "end": {
          "line": 2,
          "column": 66
        }
      },
      "3": {
        "start": {
          "line": 4,
          "column": 2
        },
        "end": {
          "line": 6,
          "column": 5
        }
      },
      "4": {
        "start": {
          "line": 5,
          "column": 4
        },
        "end": {
          "line": 5,
          "column": 31
        }
      },
      "5": {
        "start": {
          "line": 8,
          "column": 2
        },
        "end": {
          "line": 8,
          "column": 17
        }
      }
    },
    "fnMap": {
      "0": {
        "name": "(anonymous_0)",
        "decl": {
          "start": {
            "line": 1,
            "column": 62
          },
          "end": {
            "line": 1,
            "column": 63
          }
        },
        "loc": {
          "start": {
            "line": 1,
            "column": 73
          },
          "end": {
            "line": 9,
            "column": 1
          }
        },
        "line": 1
      },
      "1": {
        "name": "(anonymous_1)",
        "decl": {
          "start": {
            "line": 2,
            "column": 55
          },
          "end": {
            "line": 2,
            "column": 56
          }
        },
        "loc": {
          "start": {
            "line": 2,
            "column": 65
          },
          "end": {
            "line": 2,
            "column": 66
          }
        },
        "line": 2
      },
      "2": {
        "name": "(anonymous_2)",
        "decl": {
          "start": {
            "line": 4,
            "column": 15
          },
          "end": {
            "line": 4,
            "column": 16
          }
        },
        "loc": {
          "start": {
            "line": 4,
            "column": 25
          },
          "end": {
            "line": 6,
            "column": 3
          }
        },
        "line": 4
      }
    },
    "branchMap": {},
    "s": {
      "0": 10,
      "1": 29,
      "2": 116,
      "3": 29,
      "4": 144,
      "5": 29
    },
    "f": {
      "0": 29,
      "1": 116,
      "2": 144
    },
    "b": {},
    "_coverageSchema": "1a1c01bbd47fc00a2c39e90264f33305004495a9",
    "hash": "45b1b1bc2369546e9ef26f8be16a9761b77edee0"
  },
  "/Users/seodongsu/vanilla/quiz-app/src/features/problem/Quiz.tsx": {
    "path": "/Users/seodongsu/vanilla/quiz-app/src/features/problem/Quiz.tsx",
    "statementMap": {
      "0": {
        "start": {
          "line": 11,
          "column": 17
        },
        "end": {
          "line": 15,
          "column": 1
        }
      },
      "1": {
        "start": {
          "line": 17,
          "column": 16
        },
        "end": {
          "line": 23,
          "column": 1
        }
      },
      "2": {
        "start": {
          "line": 25,
          "column": 15
        },
        "end": {
          "line": 82,
          "column": 1
        }
      },
      "3": {
        "start": {
          "line": 31,
          "column": 4
        },
        "end": {
          "line": 44,
          "column": 5
        }
      },
      "4": {
        "start": {
          "line": 32,
          "column": 6
        },
        "end": {
          "line": 32,
          "column": 44
        }
      },
      "5": {
        "start": {
          "line": 33,
          "column": 11
        },
        "end": {
          "line": 44,
          "column": 5
        }
      },
      "6": {
        "start": {
          "line": 37,
          "column": 6
        },
        "end": {
          "line": 37,
          "column": 44
        }
      },
      "7": {
        "start": {
          "line": 38,
          "column": 11
        },
        "end": {
          "line": 44,
          "column": 5
        }
      },
      "8": {
        "start": {
          "line": 39,
          "column": 6
        },
        "end": {
          "line": 39,
          "column": 42
        }
      },
      "9": {
        "start": {
          "line": 40,
          "column": 11
        },
        "end": {
          "line": 44,
          "column": 5
        }
      },
      "10": {
        "start": {
          "line": 41,
          "column": 6
        },
        "end": {
          "line": 41,
          "column": 44
        }
      },
      "11": {
        "start": {
          "line": 43,
          "column": 6
        },
        "end": {
          "line": 43,
          "column": 44
        }
      },
      "12": {
        "start": {
          "line": 48,
          "column": 4
        },
        "end": {
          "line": 59,
          "column": 5
        }
      },
      "13": {
        "start": {
          "line": 49,
          "column": 6
        },
        "end": {
          "line": 49,
          "column": 34
        }
      },
      "14": {
        "start": {
          "line": 50,
          "column": 11
        },
        "end": {
          "line": 59,
          "column": 5
        }
      },
      "15": {
        "start": {
          "line": 54,
          "column": 6
        },
        "end": {
          "line": 54,
          "column": 34
        }
      },
      "16": {
        "start": {
          "line": 55,
          "column": 11
        },
        "end": {
          "line": 59,
          "column": 5
        }
      },
      "17": {
        "start": {
          "line": 56,
          "column": 6
        },
        "end": {
          "line": 56,
          "column": 34
        }
      },
      "18": {
        "start": {
          "line": 57,
          "column": 11
        },
        "end": {
          "line": 59,
          "column": 5
        }
      },
      "19": {
        "start": {
          "line": 58,
          "column": 6
        },
        "end": {
          "line": 58,
          "column": 34
        }
      },
      "20": {
        "start": {
          "line": 62,
          "column": 4
        },
        "end": {
          "line": 75,
          "column": 5
        }
      },
      "21": {
        "start": {
          "line": 63,
          "column": 6
        },
        "end": {
          "line": 63,
          "column": 34
        }
      },
      "22": {
        "start": {
          "line": 64,
          "column": 11
        },
        "end": {
          "line": 75,
          "column": 5
        }
      },
      "23": {
        "start": {
          "line": 68,
          "column": 6
        },
        "end": {
          "line": 68,
          "column": 34
        }
      },
      "24": {
        "start": {
          "line": 69,
          "column": 11
        },
        "end": {
          "line": 75,
          "column": 5
        }
      },
      "25": {
        "start": {
          "line": 70,
          "column": 6
        },
        "end": {
          "line": 70,
          "column": 32
        }
      },
      "26": {
        "start": {
          "line": 71,
          "column": 11
        },
        "end": {
          "line": 75,
          "column": 5
        }
      },
      "27": {
        "start": {
          "line": 72,
          "column": 6
        },
        "end": {
          "line": 72,
          "column": 34
        }
      },
      "28": {
        "start": {
          "line": 74,
          "column": 6
        },
        "end": {
          "line": 74,
          "column": 34
        }
      },
      "29": {
        "start": {
          "line": 79,
          "column": 22
        },
        "end": {
          "line": 79,
          "column": 40
        }
      },
      "30": {
        "start": {
          "line": 84,
          "column": 34
        },
        "end": {
          "line": 117,
          "column": 1
        }
      },
      "31": {
        "start": {
          "line": 91,
          "column": 2
        },
        "end": {
          "line": 116,
          "column": 4
        }
      },
      "32": {
        "start": {
          "line": 101,
          "column": 10
        },
        "end": {
          "line": 112,
          "column": 12
        }
      }
    },
    "fnMap": {
      "0": {
        "name": "(anonymous_0)",
        "decl": {
          "start": {
            "line": 30,
            "column": 12
          },
          "end": {
            "line": 30,
            "column": 13
          }
        },
        "loc": {
          "start": {
            "line": 30,
            "column": 23
          },
          "end": {
            "line": 45,
            "column": 3
          }
        },
        "line": 30
      },
      "1": {
        "name": "(anonymous_1)",
        "decl": {
          "start": {
            "line": 47,
            "column": 11
          },
          "end": {
            "line": 47,
            "column": 12
          }
        },
        "loc": {
          "start": {
            "line": 47,
            "column": 22
          },
          "end": {
            "line": 60,
            "column": 3
          }
        },
        "line": 47
      },
      "2": {
        "name": "(anonymous_2)",
        "decl": {
          "start": {
            "line": 61,
            "column": 16
          },
          "end": {
            "line": 61,
            "column": 17
          }
        },
        "loc": {
          "start": {
            "line": 61,
            "column": 27
          },
          "end": {
            "line": 76,
            "column": 3
          }
        },
        "line": 61
      },
      "3": {
        "name": "(anonymous_3)",
        "decl": {
          "start": {
            "line": 79,
            "column": 11
          },
          "end": {
            "line": 79,
            "column": 12
          }
        },
        "loc": {
          "start": {
            "line": 79,
            "column": 22
          },
          "end": {
            "line": 79,
            "column": 40
          }
        },
        "line": 79
      },
      "4": {
        "name": "(anonymous_4)",
        "decl": {
          "start": {
            "line": 84,
            "column": 34
          },
          "end": {
            "line": 84,
            "column": 35
          }
        },
        "loc": {
          "start": {
            "line": 90,
            "column": 6
          },
          "end": {
            "line": 117,
            "column": 1
          }
        },
        "line": 90
      },
      "5": {
        "name": "(anonymous_5)",
        "decl": {
          "start": {
            "line": 100,
            "column": 26
          },
          "end": {
            "line": 100,
            "column": 27
          }
        },
        "loc": {
          "start": {
            "line": 100,
            "column": 60
          },
          "end": {
            "line": 113,
            "column": 9
          }
        },
        "line": 100
      }
    },
    "branchMap": {
      "0": {
        "loc": {
          "start": {
            "line": 31,
            "column": 4
          },
          "end": {
            "line": 44,
            "column": 5
          }
        },
        "type": "if",
        "locations": [
          {
            "start": {
              "line": 31,
              "column": 4
            },
            "end": {
              "line": 44,
              "column": 5
            }
          },
          {
            "start": {
              "line": 33,
              "column": 11
            },
            "end": {
              "line": 44,
              "column": 5
            }
          }
        ],
        "line": 31
      },
      "1": {
        "loc": {
          "start": {
            "line": 33,
            "column": 11
          },
          "end": {
            "line": 44,
            "column": 5
          }
        },
        "type": "if",
        "locations": [
          {
            "start": {
              "line": 33,
              "column": 11
            },
            "end": {
              "line": 44,
              "column": 5
            }
          },
          {
            "start": {
              "line": 38,
              "column": 11
            },
            "end": {
              "line": 44,
              "column": 5
            }
          }
        ],
        "line": 33
      },
      "2": {
        "loc": {
          "start": {
            "line": 34,
            "column": 6
          },
          "end": {
            "line": 35,
            "column": 48
          }
        },
        "type": "binary-expr",
        "locations": [
          {
            "start": {
              "line": 34,
              "column": 6
            },
            "end": {
              "line": 34,
              "column": 47
            }
          },
          {
            "start": {
              "line": 35,
              "column": 6
            },
            "end": {
              "line": 35,
              "column": 48
            }
          }
        ],
        "line": 34
      },
      "3": {
        "loc": {
          "start": {
            "line": 38,
            "column": 11
          },
          "end": {
            "line": 44,
            "column": 5
          }
        },
        "type": "if",
        "locations": [
          {
            "start": {
              "line": 38,
              "column": 11
            },
            "end": {
              "line": 44,
              "column": 5
            }
          },
          {
            "start": {
              "line": 40,
              "column": 11
            },
            "end": {
              "line": 44,
              "column": 5
            }
          }
        ],
        "line": 38
      },
      "4": {
        "loc": {
          "start": {
            "line": 40,
            "column": 11
          },
          "end": {
            "line": 44,
            "column": 5
          }
        },
        "type": "if",
        "locations": [
          {
            "start": {
              "line": 40,
              "column": 11
            },
            "end": {
              "line": 44,
              "column": 5
            }
          },
          {
            "start": {
              "line": 42,
              "column": 11
            },
            "end": {
              "line": 44,
              "column": 5
            }
          }
        ],
        "line": 40
      },
      "5": {
        "loc": {
          "start": {
            "line": 48,
            "column": 4
          },
          "end": {
            "line": 59,
            "column": 5
          }
        },
        "type": "if",
        "locations": [
          {
            "start": {
              "line": 48,
              "column": 4
            },
            "end": {
              "line": 59,
              "column": 5
            }
          },
          {
            "start": {
              "line": 50,
              "column": 11
            },
            "end": {
              "line": 59,
              "column": 5
            }
          }
        ],
        "line": 48
      },
      "6": {
        "loc": {
          "start": {
            "line": 50,
            "column": 11
          },
          "end": {
            "line": 59,
            "column": 5
          }
        },
        "type": "if",
        "locations": [
          {
            "start": {
              "line": 50,
              "column": 11
            },
            "end": {
              "line": 59,
              "column": 5
            }
          },
          {
            "start": {
              "line": 55,
              "column": 11
            },
            "end": {
              "line": 59,
              "column": 5
            }
          }
        ],
        "line": 50
      },
      "7": {
        "loc": {
          "start": {
            "line": 51,
            "column": 6
          },
          "end": {
            "line": 52,
            "column": 48
          }
        },
        "type": "binary-expr",
        "locations": [
          {
            "start": {
              "line": 51,
              "column": 6
            },
            "end": {
              "line": 51,
              "column": 47
            }
          },
          {
            "start": {
              "line": 52,
              "column": 6
            },
            "end": {
              "line": 52,
              "column": 48
            }
          }
        ],
        "line": 51
      },
      "8": {
        "loc": {
          "start": {
            "line": 55,
            "column": 11
          },
          "end": {
            "line": 59,
            "column": 5
          }
        },
        "type": "if",
        "locations": [
          {
            "start": {
              "line": 55,
              "column": 11
            },
            "end": {
              "line": 59,
              "column": 5
            }
          },
          {
            "start": {
              "line": 57,
              "column": 11
            },
            "end": {
              "line": 59,
              "column": 5
            }
          }
        ],
        "line": 55
      },
      "9": {
        "loc": {
          "start": {
            "line": 57,
            "column": 11
          },
          "end": {
            "line": 59,
            "column": 5
          }
        },
        "type": "if",
        "locations": [
          {
            "start": {
              "line": 57,
              "column": 11
            },
            "end": {
              "line": 59,
              "column": 5
            }
          },
          {
            "start": {},
            "end": {}
          }
        ],
        "line": 57
      },
      "10": {
        "loc": {
          "start": {
            "line": 62,
            "column": 4
          },
          "end": {
            "line": 75,
            "column": 5
          }
        },
        "type": "if",
        "locations": [
          {
            "start": {
              "line": 62,
              "column": 4
            },
            "end": {
              "line": 75,
              "column": 5
            }
          },
          {
            "start": {
              "line": 64,
              "column": 11
            },
            "end": {
              "line": 75,
              "column": 5
            }
          }
        ],
        "line": 62
      },
      "11": {
        "loc": {
          "start": {
            "line": 64,
            "column": 11
          },
          "end": {
            "line": 75,
            "column": 5
          }
        },
        "type": "if",
        "locations": [
          {
            "start": {
              "line": 64,
              "column": 11
            },
            "end": {
              "line": 75,
              "column": 5
            }
          },
          {
            "start": {
              "line": 69,
              "column": 11
            },
            "end": {
              "line": 75,
              "column": 5
            }
          }
        ],
        "line": 64
      },
      "12": {
        "loc": {
          "start": {
            "line": 65,
            "column": 6
          },
          "end": {
            "line": 66,
            "column": 48
          }
        },
        "type": "binary-expr",
        "locations": [
          {
            "start": {
              "line": 65,
              "column": 6
            },
            "end": {
              "line": 65,
              "column": 47
            }
          },
          {
            "start": {
              "line": 66,
              "column": 6
            },
            "end": {
              "line": 66,
              "column": 48
            }
          }
        ],
        "line": 65
      },
      "13": {
        "loc": {
          "start": {
            "line": 69,
            "column": 11
          },
          "end": {
            "line": 75,
            "column": 5
          }
        },
        "type": "if",
        "locations": [
          {
            "start": {
              "line": 69,
              "column": 11
            },
            "end": {
              "line": 75,
              "column": 5
            }
          },
          {
            "start": {
              "line": 71,
              "column": 11
            },
            "end": {
              "line": 75,
              "column": 5
            }
          }
        ],
        "line": 69
      },
      "14": {
        "loc": {
          "start": {
            "line": 71,
            "column": 11
          },
          "end": {
            "line": 75,
            "column": 5
          }
        },
        "type": "if",
        "locations": [
          {
            "start": {
              "line": 71,
              "column": 11
            },
            "end": {
              "line": 75,
              "column": 5
            }
          },
          {
            "start": {
              "line": 73,
              "column": 11
            },
            "end": {
              "line": 75,
              "column": 5
            }
          }
        ],
        "line": 71
      }
    },
    "s": {
      "0": 10,
      "1": 10,
      "2": 10,
      "3": 800,
      "4": 528,
      "5": 272,
      "6": 26,
      "7": 246,
      "8": 42,
      "9": 204,
      "10": 42,
      "11": 162,
      "12": 800,
      "13": 528,
      "14": 272,
      "15": 26,
      "16": 246,
      "17": 42,
      "18": 204,
      "19": 42,
      "20": 800,
      "21": 528,
      "22": 272,
      "23": 26,
      "24": 246,
      "25": 42,
      "26": 204,
      "27": 42,
      "28": 162,
      "29": 800,
      "30": 10,
      "31": 200,
      "32": 800
    },
    "f": {
      "0": 800,
      "1": 800,
      "2": 800,
      "3": 800,
      "4": 200,
      "5": 800
    },
    "b": {
      "0": [
        528,
        272
      ],
      "1": [
        26,
        246
      ],
      "2": [
        272,
        68
      ],
      "3": [
        42,
        204
      ],
      "4": [
        42,
        162
      ],
      "5": [
        528,
        272
      ],
      "6": [
        26,
        246
      ],
      "7": [
        272,
        68
      ],
      "8": [
        42,
        204
      ],
      "9": [
        42,
        162
      ],
      "10": [
        528,
        272
      ],
      "11": [
        26,
        246
      ],
      "12": [
        272,
        68
      ],
      "13": [
        42,
        204
      ],
      "14": [
        42,
        162
      ]
    },
    "_coverageSchema": "1a1c01bbd47fc00a2c39e90264f33305004495a9",
    "hash": "95fca76de4a3e44f74ceab4aafc1780d47ed6f70"
  },
  "/Users/seodongsu/vanilla/quiz-app/pages/problem/index.tsx": {
    "path": "/Users/seodongsu/vanilla/quiz-app/pages/problem/index.tsx",
    "statementMap": {
      "0": {
        "start": {
          "line": 21,
          "column": 14
        },
        "end": {
          "line": 28,
          "column": 1
        }
      },
      "1": {
        "start": {
          "line": 30,
          "column": 19
        },
        "end": {
          "line": 30,
          "column": 23
        }
      },
      "2": {
        "start": {
          "line": 32,
          "column": 40
        },
        "end": {
          "line": 131,
          "column": 1
        }
      },
      "3": {
        "start": {
          "line": 40,
          "column": 6
        },
        "end": {
          "line": 40,
          "column": 16
        }
      },
      "4": {
        "start": {
          "line": 41,
          "column": 30
        },
        "end": {
          "line": 41,
          "column": 49
        }
      },
      "5": {
        "start": {
          "line": 43,
          "column": 4
        },
        "end": {
          "line": 43,
          "column": 42
        }
      },
      "6": {
        "start": {
          "line": 44,
          "column": 46
        },
        "end": {
          "line": 44,
          "column": 66
        }
      },
      "7": {
        "start": {
          "line": 45,
          "column": 17
        },
        "end": {
          "line": 45,
          "column": 28
        }
      },
      "8": {
        "start": {
          "line": 47,
          "column": 2
        },
        "end": {
          "line": 61,
          "column": 9
        }
      },
      "9": {
        "start": {
          "line": 48,
          "column": 4
        },
        "end": {
          "line": 48,
          "column": 11
        }
      },
      "10": {
        "start": {
          "line": 50,
          "column": 4
        },
        "end": {
          "line": 52,
          "column": 5
        }
      },
      "11": {
        "start": {
          "line": 51,
          "column": 6
        },
        "end": {
          "line": 51,
          "column": 28
        }
      },
      "12": {
        "start": {
          "line": 54,
          "column": 23
        },
        "end": {
          "line": 56,
          "column": 12
        }
      },
      "13": {
        "start": {
          "line": 55,
          "column": 6
        },
        "end": {
          "line": 55,
          "column": 16
        }
      },
      "14": {
        "start": {
          "line": 58,
          "column": 4
        },
        "end": {
          "line": 60,
          "column": 6
        }
      },
      "15": {
        "start": {
          "line": 59,
          "column": 6
        },
        "end": {
          "line": 59,
          "column": 32
        }
      },
      "16": {
        "start": {
          "line": 63,
          "column": 28
        },
        "end": {
          "line": 69,
          "column": 3
        }
      },
      "17": {
        "start": {
          "line": 64,
          "column": 4
        },
        "end": {
          "line": 68,
          "column": 5
        }
      },
      "18": {
        "start": {
          "line": 65,
          "column": 6
        },
        "end": {
          "line": 65,
          "column": 38
        }
      },
      "19": {
        "start": {
          "line": 65,
          "column": 27
        },
        "end": {
          "line": 65,
          "column": 36
        }
      },
      "20": {
        "start": {
          "line": 66,
          "column": 6
        },
        "end": {
          "line": 66,
          "column": 46
        }
      },
      "21": {
        "start": {
          "line": 67,
          "column": 6
        },
        "end": {
          "line": 67,
          "column": 28
        }
      },
      "22": {
        "start": {
          "line": 71,
          "column": 38
        },
        "end": {
          "line": 87,
          "column": 3
        }
      },
      "23": {
        "start": {
          "line": 72,
          "column": 4
        },
        "end": {
          "line": 86,
          "column": 5
        }
      },
      "24": {
        "start": {
          "line": 73,
          "column": 22
        },
        "end": {
          "line": 73,
          "column": 59
        }
      },
      "25": {
        "start": {
          "line": 74,
          "column": 23
        },
        "end": {
          "line": 76,
          "column": 31
        }
      },
      "26": {
        "start": {
          "line": 77,
          "column": 28
        },
        "end": {
          "line": 77,
          "column": 50
        }
      },
      "27": {
        "start": {
          "line": 79,
          "column": 6
        },
        "end": {
          "line": 83,
          "column": 7
        }
      },
      "28": {
        "start": {
          "line": 80,
          "column": 8
        },
        "end": {
          "line": 80,
          "column": 37
        }
      },
      "29": {
        "start": {
          "line": 82,
          "column": 8
        },
        "end": {
          "line": 82,
          "column": 39
        }
      },
      "30": {
        "start": {
          "line": 85,
          "column": 6
        },
        "end": {
          "line": 85,
          "column": 33
        }
      },
      "31": {
        "start": {
          "line": 89,
          "column": 25
        },
        "end": {
          "line": 91,
          "column": 3
        }
      },
      "32": {
        "start": {
          "line": 90,
          "column": 4
        },
        "end": {
          "line": 90,
          "column": 21
        }
      },
      "33": {
        "start": {
          "line": 93,
          "column": 26
        },
        "end": {
          "line": 95,
          "column": 3
        }
      },
      "34": {
        "start": {
          "line": 94,
          "column": 4
        },
        "end": {
          "line": 94,
          "column": 26
        }
      },
      "35": {
        "start": {
          "line": 97,
          "column": 2
        },
        "end": {
          "line": 130,
          "column": 4
        }
      }
    },
    "fnMap": {
      "0": {
        "name": "(anonymous_0)",
        "decl": {
          "start": {
            "line": 32,
            "column": 40
          },
          "end": {
            "line": 32,
            "column": 41
          }
        },
        "loc": {
          "start": {
            "line": 32,
            "column": 73
          },
          "end": {
            "line": 131,
            "column": 1
          }
        },
        "line": 32
      },
      "1": {
        "name": "(anonymous_1)",
        "decl": {
          "start": {
            "line": 47,
            "column": 12
          },
          "end": {
            "line": 47,
            "column": 13
          }
        },
        "loc": {
          "start": {
            "line": 47,
            "column": 18
          },
          "end": {
            "line": 61,
            "column": 3
          }
        },
        "line": 47
      },
      "2": {
        "name": "(anonymous_2)",
        "decl": {
          "start": {
            "line": 54,
            "column": 35
          },
          "end": {
            "line": 54,
            "column": 36
          }
        },
        "loc": {
          "start": {
            "line": 54,
            "column": 41
          },
          "end": {
            "line": 56,
            "column": 5
          }
        },
        "line": 54
      },
      "3": {
        "name": "(anonymous_3)",
        "decl": {
          "start": {
            "line": 58,
            "column": 11
          },
          "end": {
            "line": 58,
            "column": 12
          }
        },
        "loc": {
          "start": {
            "line": 58,
            "column": 17
          },
          "end": {
            "line": 60,
            "column": 5
          }
        },
        "line": 58
      },
      "4": {
        "name": "(anonymous_4)",
        "decl": {
          "start": {
            "line": 63,
            "column": 28
          },
          "end": {
            "line": 63,
            "column": 29
          }
        },
        "loc": {
          "start": {
            "line": 63,
            "column": 34
          },
          "end": {
            "line": 69,
            "column": 3
          }
        },
        "line": 63
      },
      "5": {
        "name": "(anonymous_5)",
        "decl": {
          "start": {
            "line": 65,
            "column": 16
          },
          "end": {
            "line": 65,
            "column": 17
          }
        },
        "loc": {
          "start": {
            "line": 65,
            "column": 27
          },
          "end": {
            "line": 65,
            "column": 36
          }
        },
        "line": 65
      },
      "6": {
        "name": "(anonymous_6)",
        "decl": {
          "start": {
            "line": 71,
            "column": 38
          },
          "end": {
            "line": 71,
            "column": 39
          }
        },
        "loc": {
          "start": {
            "line": 71,
            "column": 49
          },
          "end": {
            "line": 87,
            "column": 3
          }
        },
        "line": 71
      },
      "7": {
        "name": "(anonymous_7)",
        "decl": {
          "start": {
            "line": 89,
            "column": 25
          },
          "end": {
            "line": 89,
            "column": 26
          }
        },
        "loc": {
          "start": {
            "line": 89,
            "column": 31
          },
          "end": {
            "line": 91,
            "column": 3
          }
        },
        "line": 89
      },
      "8": {
        "name": "(anonymous_8)",
        "decl": {
          "start": {
            "line": 93,
            "column": 26
          },
          "end": {
            "line": 93,
            "column": 27
          }
        },
        "loc": {
          "start": {
            "line": 93,
            "column": 32
          },
          "end": {
            "line": 95,
            "column": 3
          }
        },
        "line": 93
      }
    },
    "branchMap": {
      "0": {
        "loc": {
          "start": {
            "line": 50,
            "column": 4
          },
          "end": {
            "line": 52,
            "column": 5
          }
        },
        "type": "if",
        "locations": [
          {
            "start": {
              "line": 50,
              "column": 4
            },
            "end": {
              "line": 52,
              "column": 5
            }
          },
          {
            "start": {},
            "end": {}
          }
        ],
        "line": 50
      },
      "1": {
        "loc": {
          "start": {
            "line": 64,
            "column": 4
          },
          "end": {
            "line": 68,
            "column": 5
          }
        },
        "type": "if",
        "locations": [
          {
            "start": {
              "line": 64,
              "column": 4
            },
            "end": {
              "line": 68,
              "column": 5
            }
          },
          {
            "start": {},
            "end": {}
          }
        ],
        "line": 64
      },
      "2": {
        "loc": {
          "start": {
            "line": 72,
            "column": 4
          },
          "end": {
            "line": 86,
            "column": 5
          }
        },
        "type": "if",
        "locations": [
          {
            "start": {
              "line": 72,
              "column": 4
            },
            "end": {
              "line": 86,
              "column": 5
            }
          },
          {
            "start": {},
            "end": {}
          }
        ],
        "line": 72
      },
      "3": {
        "loc": {
          "start": {
            "line": 73,
            "column": 22
          },
          "end": {
            "line": 73,
            "column": 59
          }
        },
        "type": "binary-expr",
        "locations": [
          {
            "start": {
              "line": 73,
              "column": 22
            },
            "end": {
              "line": 73,
              "column": 53
            }
          },
          {
            "start": {
              "line": 73,
              "column": 57
            },
            "end": {
              "line": 73,
              "column": 59
            }
          }
        ],
        "line": 73
      },
      "4": {
        "loc": {
          "start": {
            "line": 74,
            "column": 23
          },
          "end": {
            "line": 76,
            "column": 31
          }
        },
        "type": "cond-expr",
        "locations": [
          {
            "start": {
              "line": 75,
              "column": 10
            },
            "end": {
              "line": 75,
              "column": 31
            }
          },
          {
            "start": {
              "line": 76,
              "column": 10
            },
            "end": {
              "line": 76,
              "column": 31
            }
          }
        ],
        "line": 74
      },
      "5": {
        "loc": {
          "start": {
[...]
        "loc": {
          "start": {
            "line": 33,
            "column": 4
          },
          "end": {
            "line": 35,
            "column": 5
          }
        },
        "type": "if",
        "locations": [
          {
            "start": {
              "line": 33,
              "column": 4
            },
            "end": {
              "line": 35,
              "column": 5
            }
          },
          {
            "start": {},
            "end": {}
          }
        ],
        "line": 33
      },
      "1": {
        "loc": {
          "start": {
            "line": 41,
            "column": 4
          },
          "end": {
            "line": 48,
            "column": 5
          }
        },
        "type": "if",
        "locations": [
          {
            "start": {
              "line": 41,
              "column": 4
            },
            "end": {
              "line": 48,
              "column": 5
            }
          },
          {
            "start": {},
            "end": {}
          }
        ],
        "line": 41
      }
    },
    "s": {
      "0": 7,
      "1": 32,
      "2": 32,
      "3": 32,
      "4": 32,
      "5": 32,
      "6": 14,
      "7": 14,
      "8": 2,
      "9": 32,
      "10": 4,
      "11": 4,
      "12": 4,
      "13": 4,
      "14": 32,
      "15": 5,
      "16": 32
    },
    "f": {
      "0": 32,
      "1": 14,
      "2": 4,
      "3": 5
    },
    "b": {
      "0": [
        2,
        12
      ],
      "1": [
        4,
        0
      ]
    },
    "_coverageSchema": "1a1c01bbd47fc00a2c39e90264f33305004495a9",
    "hash": "1a6dae18f9af8b441a9ef61405914611b3d0bfc7"
  },
  "/Users/seodongsu/vanilla/quiz-app/src/common/utils/printTime.ts": {
    "path": "/Users/seodongsu/vanilla/quiz-app/src/common/utils/printTime.ts",
    "statementMap": {
      "0": {
        "start": {
          "line": 1,
          "column": 47
        },
        "end": {
          "line": 11,
          "column": 1
        }
      },
      "1": {
        "start": {
          "line": 2,
          "column": 12
        },
        "end": {
          "line": 2,
          "column": 33
        }
      },
      "2": {
        "start": {
          "line": 3,
          "column": 2
        },
        "end": {
          "line": 3,
          "column": 33
        }
      },
      "3": {
        "start": {
          "line": 4,
          "column": 14
        },
        "end": {
          "line": 4,
          "column": 26
        }
      },
      "4": {
        "start": {
          "line": 6,
          "column": 2
        },
        "end": {
          "line": 10,
          "column": 3
        }
      },
      "5": {
        "start": {
          "line": 7,
          "column": 4
        },
        "end": {
          "line": 7,
          "column": 31
        }
      },
      "6": {
        "start": {
          "line": 9,
          "column": 4
        },
        "end": {
          "line": 9,
          "column": 22
        }
      }
    },
    "fnMap": {
      "0": {
        "name": "(anonymous_0)",
        "decl": {
          "start": {
            "line": 1,
            "column": 47
          },
          "end": {
            "line": 1,
            "column": 48
          }
        },
        "loc": {
          "start": {
            "line": 1,
            "column": 60
          },
          "end": {
            "line": 11,
            "column": 1
          }
        },
        "line": 1
      }
    },
    "branchMap": {
      "0": {
        "loc": {
          "start": {
            "line": 6,
            "column": 2
          },
          "end": {
            "line": 10,
            "column": 3
          }
        },
        "type": "if",
        "locations": [
          {
            "start": {
              "line": 6,
              "column": 2
            },
            "end": {
              "line": 10,
              "column": 3
            }
          },
          {
            "start": {
              "line": 8,
              "column": 9
            },
            "end": {
              "line": 10,
              "column": 3
            }
          }
        ],
        "line": 6
      }
    },
    "s": {
      "0": 11,
      "1": 36,
      "2": 36,
      "3": 36,
      "4": 36,
      "5": 0,
      "6": 36
    },
    "f": {
      "0": 36
    },
    "b": {
      "0": [
        0,
        36
      ]
    },
    "_coverageSchema": "1a1c01bbd47fc00a2c39e90264f33305004495a9",
    "hash": "d9116b86eded5546460e1885b35a4d6dc574bf51"
  },
  "/Users/seodongsu/vanilla/quiz-app/src/features/chart/DonutChart.tsx": {
    "path": "/Users/seodongsu/vanilla/quiz-app/src/features/chart/DonutChart.tsx",
    "statementMap": {
      "0": {
        "start": {
          "line": 6,
          "column": 16
        },
        "end": {
          "line": 9,
          "column": 1
        }
      },
      "1": {
        "start": {
          "line": 11,
          "column": 46
        },
        "end": {
          "line": 57,
          "column": 1
        }
      },
      "2": {
        "start": {
          "line": 16,
          "column": 2
        },
        "end": {
          "line": 56,
          "column": 4
        }
      }
    },
    "fnMap": {
      "0": {
        "name": "(anonymous_0)",
        "decl": {
          "start": {
            "line": 11,
            "column": 46
          },
          "end": {
            "line": 11,
            "column": 47
          }
        },
        "loc": {
          "start": {
            "line": 15,
            "column": 6
          },
          "end": {
            "line": 57,
            "column": 1
          }
        },
        "line": 15
      }
    },
    "branchMap": {
      "0": {
        "loc": {
          "start": {
            "line": 44,
            "column": 12
          },
          "end": {
            "line": 46,
            "column": 36
          }
        },
        "type": "cond-expr",
        "locations": [
          {
            "start": {
              "line": 45,
              "column": 16
            },
            "end": {
              "line": 45,
              "column": 41
            }
          },
          {
            "start": {
              "line": 46,
              "column": 16
            },
            "end": {
              "line": 46,
              "column": 36
            }
          }
        ],
        "line": 44
      }
    },
    "s": {
      "0": 11,
      "1": 11,
      "2": 36
    },
    "f": {
      "0": 36
    },
    "b": {
      "0": [
        26,
        10
      ]
    },
    "_coverageSchema": "1a1c01bbd47fc00a2c39e90264f33305004495a9",
    "hash": "f7c5a40e2a62cdd3afbc78ddaf20be216e751170"
  },
  "/Users/seodongsu/vanilla/quiz-app/pages/chart/index.tsx": {
    "path": "/Users/seodongsu/vanilla/quiz-app/pages/chart/index.tsx",
    "statementMap": {
      "0": {
        "start": {
          "line": 19,
          "column": 25
        },
        "end": {
          "line": 23,
          "column": 1
        }
      },
      "1": {
        "start": {
          "line": 25,
          "column": 16
        },
        "end": {
          "line": 35,
          "column": 1
        }
      },
      "2": {
        "start": {
          "line": 28,
          "column": 4
        },
        "end": {
          "line": 32,
          "column": 5
        }
      },
      "3": {
        "start": {
          "line": 29,
          "column": 6
        },
        "end": {
          "line": 29,
          "column": 34
        }
      },
      "4": {
        "start": {
          "line": 31,
          "column": 6
        },
        "end": {
          "line": 31,
          "column": 32
        }
      },
      "5": {
        "start": {
          "line": 37,
          "column": 24
        },
        "end": {
          "line": 144,
          "column": 1
        }
      },
      "6": {
        "start": {
          "line": 45,
          "column": 6
        },
        "end": {
          "line": 45,
          "column": 16
        }
      },
      "7": {
        "start": {
          "line": 46,
          "column": 17
        },
        "end": {
          "line": 46,
          "column": 28
        }
      },
      "8": {
        "start": {
          "line": 48,
          "column": 25
        },
        "end": {
          "line": 51,
          "column": 3
        }
      },
      "9": {
        "start": {
          "line": 49,
          "column": 4
        },
        "end": {
          "line": 49,
          "column": 20
        }
      },
      "10": {
        "start": {
          "line": 50,
          "column": 4
        },
        "end": {
          "line": 50,
          "column": 21
        }
      },
      "11": {
        "start": {
          "line": 53,
          "column": 25
        },
        "end": {
          "line": 103,
          "column": 3
        }
      },
      "12": {
        "start": {
          "line": 54,
          "column": 34
        },
        "end": {
          "line": 57,
          "column": 5
        }
      },
      "13": {
        "start": {
          "line": 58,
          "column": 27
        },
        "end": {
          "line": 61,
          "column": 5
        }
      },
      "14": {
        "start": {
          "line": 63,
          "column": 4
        },
        "end": {
          "line": 99,
          "column": 5
        }
      },
      "15": {
        "start": {
          "line": 64,
          "column": 6
        },
        "end": {
          "line": 77,
          "column": 9
        }
      },
      "16": {
        "start": {
          "line": 65,
          "column": 19
        },
        "end": {
          "line": 65,
          "column": 33
        }
      },
      "17": {
        "start": {
          "line": 67,
          "column": 8
        },
        "end": {
          "line": 72,
          "column": 10
        }
      },
      "18": {
        "start": {
          "line": 74,
          "column": 8
        },
        "end": {
          "line": 74,
          "column": 33
        }
      },
      "19": {
        "start": {
          "line": 75,
          "column": 8
        },
        "end": {
          "line": 75,
          "column": 45
        }
      },
      "20": {
        "start": {
          "line": 76,
          "column": 8
        },
        "end": {
          "line": 76,
          "column": 33
        }
      },
      "21": {
        "start": {
          "line": 79,
          "column": 6
        },
        "end": {
          "line": 95,
          "column": 9
        }
      },
      "22": {
        "start": {
          "line": 80,
          "column": 19
        },
        "end": {
          "line": 80,
          "column": 33
        }
      },
      "23": {
        "start": {
          "line": 81,
          "column": 8
        },
        "end": {
          "line": 94,
          "column": 9
        }
      },
      "24": {
        "start": {
          "line": 82,
          "column": 24
        },
        "end": {
          "line": 82,
          "column": 54
        }
      },
      "25": {
        "start": {
          "line": 83,
          "column": 23
        },
        "end": {
          "line": 83,
          "column": 61
        }
      },
      "26": {
        "start": {
          "line": 84,
          "column": 10
        },
        "end": {
          "line": 84,
          "column": 40
        }
      },
      "27": {
        "start": {
          "line": 86,
          "column": 10
        },
        "end": {
          "line": 91,
          "column": 12
        }
      },
      "28": {
        "start": {
          "line": 93,
          "column": 10
        },
        "end": {
          "line": 93,
          "column": 38
        }
      },
      "29": {
        "start": {
          "line": 97,
          "column": 6
        },
        "end": {
          "line": 97,
          "column": 46
        }
      },
      "30": {
        "start": {
          "line": 98,
          "column": 6
        },
        "end": {
          "line": 98,
          "column": 34
        }
      },
      "31": {
        "start": {
          "line": 101,
          "column": 4
        },
        "end": {
          "line": 101,
          "column": 25
        }
      },
      "32": {
        "start": {
          "line": 102,
          "column": 4
        },
        "end": {
          "line": 102,
          "column": 11
        }
      },
      "33": {
        "start": {
          "line": 105,
          "column": 28
        },
        "end": {
          "line": 107,
          "column": 3
        }
      },
      "34": {
        "start": {
          "line": 106,
          "column": 4
        },
        "end": {
          "line": 106,
          "column": 28
        }
      },
      "35": {
        "start": {
          "line": 109,
          "column": 2
        },
        "end": {
          "line": 143,
          "column": 4
        }
      }
    },
    "fnMap": {
      "0": {
        "name": "(anonymous_0)",
        "decl": {
          "start": {
            "line": 27,
            "column": 11
          },
          "end": {
            "line": 27,
            "column": 12
          }
        },
        "loc": {
          "start": {
            "line": 27,
            "column": 22
          },
          "end": {
            "line": 33,
            "column": 3
          }
        },
        "line": 27
      },
      "1": {
        "name": "(anonymous_1)",
        "decl": {
          "start": {
            "line": 37,
            "column": 24
          },
          "end": {
            "line": 37,
            "column": 25
          }
        },
        "loc": {
          "start": {
            "line": 37,
            "column": 30
          },
          "end": {
            "line": 144,
            "column": 1
          }
        },
        "line": 37
      },
      "2": {
        "name": "(anonymous_2)",
        "decl": {
          "start": {
            "line": 48,
            "column": 25
          },
          "end": {
            "line": 48,
            "column": 26
          }
        },
        "loc": {
          "start": {
            "line": 48,
            "column": 31
          },
          "end": {
            "line": 51,
            "column": 3
          }
        },
        "line": 48
      },
      "3": {
        "name": "(anonymous_3)",
        "decl": {
          "start": {
            "line": 53,
            "column": 25
          },
          "end": {
            "line": 53,
            "column": 26
          }
        },
        "loc": {
          "start": {
            "line": 53,
            "column": 31
          },
          "end": {
            "line": 103,
            "column": 3
          }
        },
        "line": 53
      },
      "4": {
        "name": "(anonymous_4)",
        "decl": {
          "start": {
            "line": 64,
            "column": 33
          },
          "end": {
            "line": 64,
            "column": 34
          }
        },
        "loc": {
          "start": {
            "line": 64,
            "column": 44
          },
          "end": {
            "line": 77,
            "column": 7
          }
        },
        "line": 64
      },
      "5": {
        "name": "(anonymous_5)",
        "decl": {
          "start": {
            "line": 79,
            "column": 33
          },
          "end": {
            "line": 79,
            "column": 34
          }
        },
        "loc": {
          "start": {
            "line": 79,
            "column": 44
          },
          "end": {
            "line": 95,
            "column": 7
          }
        },
        "line": 79
      },
      "6": {
        "name": "(anonymous_6)",
        "decl": {
          "start": {
            "line": 105,
            "column": 28
          },
          "end": {
            "line": 105,
            "column": 29
          }
        },
        "loc": {
          "start": {
            "line": 105,
            "column": 34
          },
          "end": {
            "line": 107,
            "column": 3
          }
        },
        "line": 105
      }
    },
    "branchMap": {
      "0": {
        "loc": {
          "start": {
            "line": 28,
            "column": 4
          },
          "end": {
            "line": 32,
            "column": 5
          }
        },
        "type": "if",
        "locations": [
          {
            "start": {
              "line": 28,
              "column": 4
            },
            "end": {
              "line": 32,
              "column": 5
            }
          },
          {
            "start": {
              "line": 30,
              "column": 11
            },
            "end": {
              "line": 32,
              "column": 5
            }
          }
        ],
        "line": 28
      },
      "1": {
        "loc": {
          "start": {
            "line": 58,
            "column": 27
          },
          "end": {
            "line": 61,
            "column": 5
          }
        },
        "type": "binary-expr",
        "locations": [
          {
            "start": {
              "line": 58,
              "column": 27
            },
            "end": {
              "line": 58,
              "column": 52
            }
          },
          {
            "start": {
              "line": 58,
              "column": 56
            },
            "end": {
              "line": 61,
              "column": 5
            }
          }
        ],
        "line": 58
      },
      "2": {
        "loc": {
          "start": {
            "line": 63,
            "column": 4
          },
          "end": {
            "line": 99,
            "column": 5
          }
        },
        "type": "if",
        "locations": [
          {
            "start": {
              "line": 63,
              "column": 4
            },
            "end": {
              "line": 99,
              "column": 5
            }
          },
          {
            "start": {
              "line": 78,
              "column": 11
            },
            "end": {
              "line": 99,
              "column": 5
            }
          }
        ],
        "line": 63
      },
      "3": {
        "loc": {
          "start": {
            "line": 81,
            "column": 8
          },
          "end": {
            "line": 94,
            "column": 9
          }
        },
        "type": "if",
        "locations": [
          {
            "start": {
              "line": 81,
              "column": 8
            },
            "end": {
              "line": 94,
              "column": 9
            }
          },
          {
            "start": {
              "line": 85,
              "column": 15
            },
            "end": {
              "line": 94,
              "column": 9
            }
          }
        ],
        "line": 81
      }
    },
    "s": {
      "0": 11,
      "1": 11,
      "2": 72,
      "3": 36,
      "4": 36,
      "5": 11,
      "6": 36,
      "7": 36,
      "8": 36,
      "9": 4,
      "10": 4,
      "11": 36,
      "12": 3,
      "13": 3,
      "14": 3,
      "15": 3,
      "16": 7,
      "17": 7,
      "18": 7,
      "19": 7,
      "20": 7,
      "21": 0,
      "22": 0,
      "23": 0,
      "24": 0,
      "25": 0,
      "26": 0,
      "27": 0,
      "28": 0,
      "29": 0,
      "30": 0,
      "31": 3,
      "32": 3,
      "33": 36,
      "34": 2,
      "35": 36
    },
    "f": {
      "0": 72,
      "1": 36,
      "2": 4,
      "3": 3,
      "4": 7,
      "5": 0,
      "6": 2
    },
    "b": {
      "0": [
        36,
        36
      ],
      "1": [
        3,
        3
      ],
      "2": [
        3,
        0
      ],
      "3": [
        0,
        0
      ]
    },
    "_coverageSchema": "1a1c01bbd47fc00a2c39e90264f33305004495a9",
    "hash": "0ab25d0121e12a1dd06f6ddee673d7a1c7f17917"
  }
}